#
# A fatal error has been detected by the Java Runtime Environment:
#
#  SIGSEGV (0xb) at pc=0x00007fff5b945d09, pid=24236, tid=0x0000000000002703
#
# JRE version: Java(TM) SE Runtime Environment (8.0_144-b01) (build 1.8.0_144-b01)
# Java VM: Java HotSpot(TM) 64-Bit Server VM (25.144-b01 mixed mode bsd-amd64 compressed oops)
# Problematic frame:
# C  [libsystem_platform.dylib+0x1d09]  _platform_memmove$VARIANT$Haswell+0x29
#
# Failed to write core dump. Core dumps have been disabled. To enable core dumping, try "ulimit -c unlimited" before starting Java again
#
# If you would like to submit a bug report, please visit:
#   http://bugreport.java.com/bugreport/crash.jsp
# The crash happened outside the Java Virtual Machine in native code.
# See problematic frame for where to report the bug.
#

---------------  T H R E A D  ---------------

Current thread (0x00007fe1ab807000):  JavaThread "main" [_thread_in_native, id=9987, stack(0x000070000677a000,0x000070000687a000)]

siginfo: si_signo: 11 (SIGSEGV), si_code: 1 (SEGV_MAPERR), si_addr: 0x0000000108e42000

Registers:
RAX=0x0000000109e94002, RBX=0x0000000108e35c7f, RCX=0x0000000000004b49, RDX=0x000000000000b892
RSP=0x00007000068779c0, RBP=0x00007000068779c0, RSI=0x0000000108e42000, RDI=0x0000000109e9ad4b
R8 =0x0000000000000000, R9 =0x0000000000000009, R10=0x000000000000000e, R11=0x0000000001058d4b
R12=0x00000000692487d1, R13=0x0000000097312e66, R14=0x00000000cb096249, R15=0x000000000000b892
RIP=0x00007fff5b945d09, EFLAGS=0x0000000000010202, ERR=0x0000000000000004
  TRAPNO=0x000000000000000e

Top of Stack: (sp=0x00007000068779c0)
0x00007000068779c0:   0000700006877a30 0000000103ab105f
0x00007000068779d0:   00000092b5cd5aa0 00000000000000b8
0x00007000068779e0:   000000000000fb87 00007fe1afbbb600
0x00007000068779f0:   000000000000560a 00007fe1ac3c10a0
0x0000700006877a00:   00007fe1ac1c0d30 00007fe1ac3c10a0
0x0000700006877a10:   00007fe1aee20600 0000000000000000
0x0000700006877a20:   000000005bbd78a2 00007fe1aa4b1de0
0x0000700006877a30:   0000700006877a90 0000000103ab152d
0x0000700006877a40:   0000700006877ac3 0000700006877ac2
0x0000700006877a50:   0000001300000000 0000001400807000
0x0000700006877a60:   0000700006877aae 0000700006877ef8
0x0000700006877a70:   0000000000000014 0000700006877aae
0x0000700006877a80:   00007fe1ac3c10a0 00007fe1ab8071f8
0x0000700006877a90:   0000700006877ee0 0000000103ab0238
0x0000700006877aa0:   00000007b5cd5ec0 454d000000000000
0x0000700006877ab0:   4d2f464e492d4154 2e54534546494e41
0x0000700006877ac0:   000070000600464d 0000000103aafa54
0x0000700006877ad0:   00007fe1ab807000 00000000ac1c0d90
0x0000700006877ae0:   00007fe1ac00b490 0000700006877b50
0x0000700006877af0:   0000700006877b40 00000007b5cd5838
0x0000700006877b00:   0000200000000268 00000007b5cd5eb0
0x0000700006877b10:   0000000000000000 00000000f6b9abd6
0x0000700006877b20:   0000700006877b60 00007fff5adfef3a
0x0000700006877b30:   0000000000002000 00000007b5a38f28
0x0000700006877b40:   00000007b5cd5aa0 00000007b5cdad20
0x0000700006877b50:   0000000400000005 00000007b5cda6b0
0x0000700006877b60:   00000007b5a38f48 00007fff5adfa117
0x0000700006877b70:   00000007b5a38d90 000000010b6bbf6c
0x0000700006877b80:   00007fe1afbb1a7c 00007fe1afbb1a78
0x0000700006877b90:   00007fe1afbb1f58 00007fe1afbb1a98
0x0000700006877ba0:   00000007b5a38c40 00000007b5cdad20
0x0000700006877bb0:   0000000400000005 00000007b5cda6b0 

Instructions: (pc=0x00007fff5b945d09)
0x00007fff5b945ce9:   f3 48 89 f8 49 39 d3 72 1b 48 83 fa 60 76 2f 48
0x00007fff5b945cf9:   81 fa 00 40 00 00 0f 82 cb 00 00 00 48 89 d1 fc
0x00007fff5b945d09:   f3 a4 5d c3 48 39 fe 74 f9 48 01 d6 48 01 d7 48
0x00007fff5b945d19:   83 fa 60 0f 82 8c 01 00 00 e9 a9 01 00 00 48 83 

Register to memory mapping:

RAX=0x0000000109e94002 is an unknown value
RBX=0x0000000108e35c7f is an unknown value
RCX=0x0000000000004b49 is an unknown value
RDX=0x000000000000b892 is an unknown value
RSP=0x00007000068779c0 is pointing into the stack for thread: 0x00007fe1ab807000
RBP=0x00007000068779c0 is pointing into the stack for thread: 0x00007fe1ab807000
RSI=0x0000000108e42000 is an unknown value
RDI=0x0000000109e9ad4b is an unknown value
R8 =0x0000000000000000 is an unknown value
R9 =0x0000000000000009 is an unknown value
R10=0x000000000000000e is an unknown value
R11=0x0000000001058d4b is an unknown value
R12=0x00000000692487d1 is an unknown value
R13=0x0000000097312e66 is an unknown value
R14=0x00000000cb096249 is an unknown value
R15=0x000000000000b892 is an unknown value


Stack: [0x000070000677a000,0x000070000687a000],  sp=0x00007000068779c0,  free space=1014k
Native frames: (J=compiled Java code, j=interpreted, Vv=VM code, C=native code)
C  [libsystem_platform.dylib+0x1d09]  _platform_memmove$VARIANT$Haswell+0x29
C  [libzip.dylib+0x305f]  newEntry+0x321
C  [libzip.dylib+0x352d]  ZIP_GetEntry2+0xd4
C  [libzip.dylib+0x2238]  Java_java_util_zip_ZipFile_getEntry+0xcf
J 118  java.util.zip.ZipFile.getEntry(J[BZ)J (0 bytes) @ 0x000000010a696c4e [0x000000010a696b80+0xce]
J 597 C1 java.util.zip.ZipFile.getInputStream(Ljava/util/zip/ZipEntry;)Ljava/io/InputStream; (304 bytes) @ 0x000000010a7d974c [0x000000010a7d93c0+0x38c]
j  aQute.bnd.osgi.ZipResource.openInputStream()Ljava/io/InputStream;+8
j  aQute.bnd.osgi.Jar.getManifest()Ljava/util/jar/Manifest;+25
j  aQute.bnd.osgi.Analyzer.getManifestInfoFromClasspath(LaQute/bnd/osgi/Jar;LaQute/bnd/osgi/Packages;LaQute/bnd/osgi/Contracts;)V+1
j  aQute.bnd.osgi.Analyzer.analyze()V+152
j  aQute.bnd.osgi.Builder.analyze()V+1
j  aQute.bnd.osgi.Analyzer.calcManifest()Ljava/util/jar/Manifest;+1
j  aQute.bnd.osgi.Builder.build()LaQute/bnd/osgi/Jar;+111
j  org.apache.felix.bundleplugin.BundlePlugin.buildOSGiBundle(Lorg/apache/maven/project/MavenProject;Lorg/apache/maven/shared/dependency/graph/DependencyNode;Ljava/util/Map;Ljava/util/Properties;[LaQute/bnd/osgi/Jar;)LaQute/bnd/osgi/Builder;+22
j  org.apache.felix.bundleplugin.BundlePlugin.execute(Lorg/apache/maven/project/MavenProject;Lorg/apache/maven/shared/dependency/graph/DependencyNode;Ljava/util/Map;Ljava/util/Properties;[LaQute/bnd/osgi/Jar;)V+26
j  org.apache.felix.bundleplugin.BundlePlugin.execute(Lorg/apache/maven/project/MavenProject;Lorg/apache/maven/shared/dependency/graph/DependencyNode;Ljava/util/Map;Ljava/util/Properties;)V+12
j  org.apache.felix.bundleplugin.BundlePlugin.execute()V+93
j  org.apache.maven.plugin.DefaultBuildPluginManager.executeMojo(Lorg/apache/maven/execution/MavenSession;Lorg/apache/maven/plugin/MojoExecution;)V+155
j  org.apache.maven.lifecycle.internal.MojoExecutor.execute(Lorg/apache/maven/execution/MavenSession;Lorg/apache/maven/plugin/MojoExecution;Lorg/apache/maven/lifecycle/internal/ProjectIndex;Lorg/apache/maven/lifecycle/internal/DependencyContext;)V+220
j  org.apache.maven.lifecycle.internal.MojoExecutor.execute(Lorg/apache/maven/execution/MavenSession;Lorg/apache/maven/plugin/MojoExecution;Lorg/apache/maven/lifecycle/internal/ProjectIndex;Lorg/apache/maven/lifecycle/internal/DependencyContext;Lorg/apache/maven/lifecycle/internal/PhaseRecorder;)V+6
j  org.apache.maven.lifecycle.internal.MojoExecutor.execute(Lorg/apache/maven/execution/MavenSession;Ljava/util/List;Lorg/apache/maven/lifecycle/internal/ProjectIndex;)V+60
j  org.apache.maven.lifecycle.internal.LifecycleModuleBuilder.buildProject(Lorg/apache/maven/execution/MavenSession;Lorg/apache/maven/execution/MavenSession;Lorg/apache/maven/lifecycle/internal/ReactorContext;Lorg/apache/maven/project/MavenProject;Lorg/apache/maven/lifecycle/internal/TaskSegment;)V+180
j  org.apache.maven.lifecycle.internal.LifecycleModuleBuilder.buildProject(Lorg/apache/maven/execution/MavenSession;Lorg/apache/maven/lifecycle/internal/ReactorContext;Lorg/apache/maven/project/MavenProject;Lorg/apache/maven/lifecycle/internal/TaskSegment;)V+7
j  org.apache.maven.lifecycle.internal.builder.singlethreaded.SingleThreadedBuilder.build(Lorg/apache/maven/execution/MavenSession;Lorg/apache/maven/lifecycle/internal/ReactorContext;Lorg/apache/maven/lifecycle/internal/ProjectBuildList;Ljava/util/List;Lorg/apache/maven/lifecycle/internal/ReactorBuildStatus;)V+77
j  org.apache.maven.lifecycle.internal.LifecycleStarter.execute(Lorg/apache/maven/execution/MavenSession;)V+353
j  org.apache.maven.DefaultMaven.doExecute(Lorg/apache/maven/execution/MavenExecutionRequest;Lorg/apache/maven/execution/MavenSession;Lorg/apache/maven/execution/MavenExecutionResult;Lorg/eclipse/aether/DefaultRepositorySystemSession;)Lorg/apache/maven/execution/MavenExecutionResult;+422
j  org.apache.maven.DefaultMaven.doExecute(Lorg/apache/maven/execution/MavenExecutionRequest;)Lorg/apache/maven/execution/MavenExecutionResult;+99
j  org.apache.maven.DefaultMaven.execute(Lorg/apache/maven/execution/MavenExecutionRequest;)Lorg/apache/maven/execution/MavenExecutionResult;+2
j  org.apache.maven.cli.MavenCli.execute(Lorg/apache/maven/cli/CliRequest;)I+27
j  org.apache.maven.cli.MavenCli.doMain(Lorg/apache/maven/cli/CliRequest;)I+66
j  org.apache.maven.cli.MavenCli.main([Ljava/lang/String;Lorg/codehaus/plexus/classworlds/ClassWorld;)I+24
v  ~StubRoutines::call_stub
V  [libjvm.dylib+0x2ee70a]
V  [libjvm.dylib+0x4d3c0c]
V  [libjvm.dylib+0x4d4140]
V  [libjvm.dylib+0x346b0c]
j  sun.reflect.NativeMethodAccessorImpl.invoke0(Ljava/lang/reflect/Method;Ljava/lang/Object;[Ljava/lang/Object;)Ljava/lang/Object;+0
j  sun.reflect.NativeMethodAccessorImpl.invoke(Ljava/lang/Object;[Ljava/lang/Object;)Ljava/lang/Object;+100
j  sun.reflect.DelegatingMethodAccessorImpl.invoke(Ljava/lang/Object;[Ljava/lang/Object;)Ljava/lang/Object;+6
j  java.lang.reflect.Method.invoke(Ljava/lang/Object;[Ljava/lang/Object;)Ljava/lang/Object;+56
j  org.codehaus.plexus.classworlds.launcher.Launcher.launchEnhanced([Ljava/lang/String;)V+45
j  org.codehaus.plexus.classworlds.launcher.Launcher.launch([Ljava/lang/String;)V+2
j  org.codehaus.plexus.classworlds.launcher.Launcher.mainWithExitCode([Ljava/lang/String;)I+101
j  org.codehaus.plexus.classworlds.launcher.Launcher.main([Ljava/lang/String;)V+1
j  org.codehaus.classworlds.Launcher.main([Ljava/lang/String;)V+1
v  ~StubRoutines::call_stub
V  [libjvm.dylib+0x2ee70a]
V  [libjvm.dylib+0x325522]
V  [libjvm.dylib+0x31e299]
C  [java+0x3931]  JavaMain+0x9c4
C  [libsystem_pthread.dylib+0x32eb]  _pthread_body+0x7e
C  [libsystem_pthread.dylib+0x6249]  _pthread_start+0x42
C  [libsystem_pthread.dylib+0x240d]  thread_start+0xd
C  0x0000000000000000

Java frames: (J=compiled Java code, j=interpreted, Vv=VM code)
J 118  java.util.zip.ZipFile.getEntry(J[BZ)J (0 bytes) @ 0x000000010a696bd8 [0x000000010a696b80+0x58]
J 597 C1 java.util.zip.ZipFile.getInputStream(Ljava/util/zip/ZipEntry;)Ljava/io/InputStream; (304 bytes) @ 0x000000010a7d974c [0x000000010a7d93c0+0x38c]
j  aQute.bnd.osgi.ZipResource.openInputStream()Ljava/io/InputStream;+8
j  aQute.bnd.osgi.Jar.getManifest()Ljava/util/jar/Manifest;+25
j  aQute.bnd.osgi.Analyzer.getManifestInfoFromClasspath(LaQute/bnd/osgi/Jar;LaQute/bnd/osgi/Packages;LaQute/bnd/osgi/Contracts;)V+1
j  aQute.bnd.osgi.Analyzer.analyze()V+152
j  aQute.bnd.osgi.Builder.analyze()V+1
j  aQute.bnd.osgi.Analyzer.calcManifest()Ljava/util/jar/Manifest;+1
j  aQute.bnd.osgi.Builder.build()LaQute/bnd/osgi/Jar;+111
j  org.apache.felix.bundleplugin.BundlePlugin.buildOSGiBundle(Lorg/apache/maven/project/MavenProject;Lorg/apache/maven/shared/dependency/graph/DependencyNode;Ljava/util/Map;Ljava/util/Properties;[LaQute/bnd/osgi/Jar;)LaQute/bnd/osgi/Builder;+22
j  org.apache.felix.bundleplugin.BundlePlugin.execute(Lorg/apache/maven/project/MavenProject;Lorg/apache/maven/shared/dependency/graph/DependencyNode;Ljava/util/Map;Ljava/util/Properties;[LaQute/bnd/osgi/Jar;)V+26
j  org.apache.felix.bundleplugin.BundlePlugin.execute(Lorg/apache/maven/project/MavenProject;Lorg/apache/maven/shared/dependency/graph/DependencyNode;Ljava/util/Map;Ljava/util/Properties;)V+12
j  org.apache.felix.bundleplugin.BundlePlugin.execute()V+93
j  org.apache.maven.plugin.DefaultBuildPluginManager.executeMojo(Lorg/apache/maven/execution/MavenSession;Lorg/apache/maven/plugin/MojoExecution;)V+155
j  org.apache.maven.lifecycle.internal.MojoExecutor.execute(Lorg/apache/maven/execution/MavenSession;Lorg/apache/maven/plugin/MojoExecution;Lorg/apache/maven/lifecycle/internal/ProjectIndex;Lorg/apache/maven/lifecycle/internal/DependencyContext;)V+220
j  org.apache.maven.lifecycle.internal.MojoExecutor.execute(Lorg/apache/maven/execution/MavenSession;Lorg/apache/maven/plugin/MojoExecution;Lorg/apache/maven/lifecycle/internal/ProjectIndex;Lorg/apache/maven/lifecycle/internal/DependencyContext;Lorg/apache/maven/lifecycle/internal/PhaseRecorder;)V+6
j  org.apache.maven.lifecycle.internal.MojoExecutor.execute(Lorg/apache/maven/execution/MavenSession;Ljava/util/List;Lorg/apache/maven/lifecycle/internal/ProjectIndex;)V+60
j  org.apache.maven.lifecycle.internal.LifecycleModuleBuilder.buildProject(Lorg/apache/maven/execution/MavenSession;Lorg/apache/maven/execution/MavenSession;Lorg/apache/maven/lifecycle/internal/ReactorContext;Lorg/apache/maven/project/MavenProject;Lorg/apache/maven/lifecycle/internal/TaskSegment;)V+180
j  org.apache.maven.lifecycle.internal.LifecycleModuleBuilder.buildProject(Lorg/apache/maven/execution/MavenSession;Lorg/apache/maven/lifecycle/internal/ReactorContext;Lorg/apache/maven/project/MavenProject;Lorg/apache/maven/lifecycle/internal/TaskSegment;)V+7
j  org.apache.maven.lifecycle.internal.builder.singlethreaded.SingleThreadedBuilder.build(Lorg/apache/maven/execution/MavenSession;Lorg/apache/maven/lifecycle/internal/ReactorContext;Lorg/apache/maven/lifecycle/internal/ProjectBuildList;Ljava/util/List;Lorg/apache/maven/lifecycle/internal/ReactorBuildStatus;)V+77
j  org.apache.maven.lifecycle.internal.LifecycleStarter.execute(Lorg/apache/maven/execution/MavenSession;)V+353
j  org.apache.maven.DefaultMaven.doExecute(Lorg/apache/maven/execution/MavenExecutionRequest;Lorg/apache/maven/execution/MavenSession;Lorg/apache/maven/execution/MavenExecutionResult;Lorg/eclipse/aether/DefaultRepositorySystemSession;)Lorg/apache/maven/execution/MavenExecutionResult;+422
j  org.apache.maven.DefaultMaven.doExecute(Lorg/apache/maven/execution/MavenExecutionRequest;)Lorg/apache/maven/execution/MavenExecutionResult;+99
j  org.apache.maven.DefaultMaven.execute(Lorg/apache/maven/execution/MavenExecutionRequest;)Lorg/apache/maven/execution/MavenExecutionResult;+2
j  org.apache.maven.cli.MavenCli.execute(Lorg/apache/maven/cli/CliRequest;)I+27
j  org.apache.maven.cli.MavenCli.doMain(Lorg/apache/maven/cli/CliRequest;)I+66
j  org.apache.maven.cli.MavenCli.main([Ljava/lang/String;Lorg/codehaus/plexus/classworlds/ClassWorld;)I+24
v  ~StubRoutines::call_stub
j  sun.reflect.NativeMethodAccessorImpl.invoke0(Ljava/lang/reflect/Method;Ljava/lang/Object;[Ljava/lang/Object;)Ljava/lang/Object;+0
j  sun.reflect.NativeMethodAccessorImpl.invoke(Ljava/lang/Object;[Ljava/lang/Object;)Ljava/lang/Object;+100
j  sun.reflect.DelegatingMethodAccessorImpl.invoke(Ljava/lang/Object;[Ljava/lang/Object;)Ljava/lang/Object;+6
j  java.lang.reflect.Method.invoke(Ljava/lang/Object;[Ljava/lang/Object;)Ljava/lang/Object;+56
j  org.codehaus.plexus.classworlds.launcher.Launcher.launchEnhanced([Ljava/lang/String;)V+45
j  org.codehaus.plexus.classworlds.launcher.Launcher.launch([Ljava/lang/String;)V+2
j  org.codehaus.plexus.classworlds.launcher.Launcher.mainWithExitCode([Ljava/lang/String;)I+101
j  org.codehaus.plexus.classworlds.launcher.Launcher.main([Ljava/lang/String;)V+1
j  org.codehaus.classworlds.Launcher.main([Ljava/lang/String;)V+1
v  ~StubRoutines::call_stub

---------------  P R O C E S S  ---------------

Java Threads: ( => current thread )
  0x00007fe1aa999800 JavaThread "Attach Listener" daemon [_thread_blocked, id=42499, stack(0x0000700007be1000,0x0000700007ce1000)]
  0x00007fe1ab0ad800 JavaThread "process reaper" daemon [_thread_blocked, id=43011, stack(0x0000700007bb6000,0x0000700007bde000)]
  0x00007fe1ab804000 JavaThread "Service Thread" daemon [_thread_blocked, id=17155, stack(0x00007000079b0000,0x0000700007ab0000)]
  0x00007fe1ac82d000 JavaThread "C1 CompilerThread3" daemon [_thread_blocked, id=17923, stack(0x00007000078ad000,0x00007000079ad000)]
  0x00007fe1aa806000 JavaThread "C2 CompilerThread2" daemon [_thread_in_native, id=18179, stack(0x00007000077aa000,0x00007000078aa000)]
  0x00007fe1ac81b800 JavaThread "C2 CompilerThread1" daemon [_thread_in_native, id=18691, stack(0x00007000076a7000,0x00007000077a7000)]
  0x00007fe1ae82c000 JavaThread "C2 CompilerThread0" daemon [_thread_in_native, id=18947, stack(0x00007000075a4000,0x00007000076a4000)]
  0x00007fe1ae014000 JavaThread "Monitor Ctrl-Break" daemon [_thread_in_native, id=19203, stack(0x00007000074a1000,0x00007000075a1000)]
  0x00007fe1ad027000 JavaThread "Signal Dispatcher" daemon [_thread_blocked, id=15875, stack(0x000070000739e000,0x000070000749e000)]
  0x00007fe1ae004000 JavaThread "Finalizer" daemon [_thread_blocked, id=20739, stack(0x000070000729b000,0x000070000739b000)]
  0x00007fe1ab818800 JavaThread "Reference Handler" daemon [_thread_blocked, id=13827, stack(0x0000700007198000,0x0000700007298000)]
=>0x00007fe1ab807000 JavaThread "main" [_thread_in_native, id=9987, stack(0x000070000677a000,0x000070000687a000)]

Other Threads:
  0x00007fe1ad020800 VMThread [stack: 0x0000700007095000,0x0000700007195000] [id=13315]
  0x00007fe1ac836000 WatcherThread [stack: 0x0000700007ab3000,0x0000700007bb3000] [id=21763]

VM state:not at safepoint (normal execution)

VM Mutex/Monitor currently owned by a thread: None

Heap:
 PSYoungGen      total 272896K, used 184855K [0x00000007aab00000, 0x00000007bc000000, 0x00000007c0000000)
  eden space 262144K, 70% used [0x00000007aab00000,0x00000007b5f85c58,0x00000007bab00000)
  from space 10752K, 0% used [0x00000007bb580000,0x00000007bb580000,0x00000007bc000000)
  to   space 10752K, 0% used [0x00000007bab00000,0x00000007bab00000,0x00000007bb580000)
 ParOldGen       total 95232K, used 13115K [0x0000000780000000, 0x0000000785d00000, 0x00000007aab00000)
  object space 95232K, 13% used [0x0000000780000000,0x0000000780ccec58,0x0000000785d00000)
 Metaspace       used 29557K, capacity 30620K, committed 30848K, reserved 1077248K
  class space    used 3498K, capacity 3866K, committed 3968K, reserved 1048576K

Card table byte_map: [0x0000000103e77000,0x0000000104078000] byte_map_base: 0x0000000100277000

Marking Bits: (ParMarkBitMap*) 0x00000001023145d0
 Begin Bits: [0x00000001041ce000, 0x00000001051ce000)
 End Bits:   [0x00000001051ce000, 0x00000001061ce000)

Polling page: 0x00000001029d6000

CodeCache: size=245760Kb used=17965Kb max_used=17965Kb free=227794Kb
 bounds [0x000000010a54e000, 0x000000010b6ee000, 0x000000011954e000]
 total_blobs=5755 nmethods=5339 adapters=328
 compilation: enabled

Compilation events (10 events):
Event: 4.569 Thread 0x00007fe1ac82d000 5399       3       java.io.DataInputStream::readUTF (501 bytes)
Event: 4.570 Thread 0x00007fe1ac82d000 nmethod 5399 0x000000010b6df350 code [0x000000010b6df720, 0x000000010b6e19a8]
Event: 4.570 Thread 0x00007fe1ac82d000 5400       2       aQute.bnd.osgi.Clazz::doAttributes (32 bytes)
Event: 4.571 Thread 0x00007fe1ac82d000 nmethod 5400 0x000000010b6e2ed0 code [0x000000010b6e3040, 0x000000010b6e3298]
Event: 4.572 Thread 0x00007fe1ac82d000 5402       2       aQute.bnd.osgi.Clazz::constantClass (32 bytes)
Event: 4.572 Thread 0x00007fe1ac82d000 nmethod 5402 0x000000010b6e3790 code [0x000000010b6e3920, 0x000000010b6e3be8]
Event: 4.572 Thread 0x00007fe1ac82d000 5403       2       aQute.bnd.osgi.Clazz$ClassConstant::<init> (15 bytes)
Event: 4.573 Thread 0x00007fe1ac82d000 nmethod 5403 0x000000010b6e3e10 code [0x000000010b6e3f60, 0x000000010b6e40d0]
Event: 4.577 Thread 0x00007fe1ac82d000 5404       2       aQute.bnd.osgi.Clazz::referTo (103 bytes)
Event: 4.577 Thread 0x00007fe1ac82d000 nmethod 5404 0x000000010b6e4150 code [0x000000010b6e4300, 0x000000010b6e4658]

GC Heap History (10 events):
Event: 0.854 GC heap before
{Heap before GC invocations=1 (full 0):
 PSYoungGen      total 76288K, used 65536K [0x00000007aab00000, 0x00000007b0000000, 0x00000007c0000000)
  eden space 65536K, 100% used [0x00000007aab00000,0x00000007aeb00000,0x00000007aeb00000)
  from space 10752K, 0% used [0x00000007af580000,0x00000007af580000,0x00000007b0000000)
  to   space 10752K, 0% used [0x00000007aeb00000,0x00000007aeb00000,0x00000007af580000)
 ParOldGen       total 175104K, used 0K [0x0000000780000000, 0x000000078ab00000, 0x00000007aab00000)
  object space 175104K, 0% used [0x0000000780000000,0x0000000780000000,0x000000078ab00000)
 Metaspace       used 11797K, capacity 12154K, committed 12416K, reserved 1060864K
  class space    used 1443K, capacity 1557K, committed 1664K, reserved 1048576K
Event: 0.865 GC heap after
Heap after GC invocations=1 (full 0):
 PSYoungGen      total 76288K, used 8325K [0x00000007aab00000, 0x00000007b4000000, 0x00000007c0000000)
  eden space 65536K, 0% used [0x00000007aab00000,0x00000007aab00000,0x00000007aeb00000)
  from space 10752K, 77% used [0x00000007aeb00000,0x00000007af321648,0x00000007af580000)
  to   space 10752K, 0% used [0x00000007b3580000,0x00000007b3580000,0x00000007b4000000)
 ParOldGen       total 175104K, used 16K [0x0000000780000000, 0x000000078ab00000, 0x00000007aab00000)
  object space 175104K, 0% used [0x0000000780000000,0x0000000780004000,0x000000078ab00000)
 Metaspace       used 11797K, capacity 12154K, committed 12416K, reserved 1060864K
  class space    used 1443K, capacity 1557K, committed 1664K, reserved 1048576K
}
Event: 1.689 GC heap before
{Heap before GC invocations=2 (full 0):
 PSYoungGen      total 76288K, used 73861K [0x00000007aab00000, 0x00000007b4000000, 0x00000007c0000000)
  eden space 65536K, 100% used [0x00000007aab00000,0x00000007aeb00000,0x00000007aeb00000)
  from space 10752K, 77% used [0x00000007aeb00000,0x00000007af321648,0x00000007af580000)
  to   space 10752K, 0% used [0x00000007b3580000,0x00000007b3580000,0x00000007b4000000)
 ParOldGen       total 175104K, used 16K [0x0000000780000000, 0x000000078ab00000, 0x00000007aab00000)
  object space 175104K, 0% used [0x0000000780000000,0x0000000780004000,0x000000078ab00000)
 Metaspace       used 16444K, capacity 16844K, committed 17024K, reserved 1064960K
  class space    used 1995K, capacity 2122K, committed 2176K, reserved 1048576K
Event: 1.705 GC heap after
Heap after GC invocations=2 (full 0):
 PSYoungGen      total 141824K, used 10406K [0x00000007aab00000, 0x00000007b4000000, 0x00000007c0000000)
  eden space 131072K, 0% used [0x00000007aab00000,0x00000007aab00000,0x00000007b2b00000)
  from space 10752K, 96% used [0x00000007b3580000,0x00000007b3fa9be0,0x00000007b4000000)
  to   space 10752K, 0% used [0x00000007b2b00000,0x00000007b2b00000,0x00000007b3580000)
 ParOldGen       total 175104K, used 24K [0x0000000780000000, 0x000000078ab00000, 0x00000007aab00000)
  object space 175104K, 0% used [0x0000000780000000,0x0000000780006000,0x000000078ab00000)
 Metaspace       used 16444K, capacity 16844K, committed 17024K, reserved 1064960K
  class space    used 1995K, capacity 2122K, committed 2176K, reserved 1048576K
}
Event: 2.702 GC heap before
{Heap before GC invocations=3 (full 0):
 PSYoungGen      total 141824K, used 141464K [0x00000007aab00000, 0x00000007b4000000, 0x00000007c0000000)
  eden space 131072K, 99% used [0x00000007aab00000,0x00000007b2afc4a0,0x00000007b2b00000)
  from space 10752K, 96% used [0x00000007b3580000,0x00000007b3fa9be0,0x00000007b4000000)
  to   space 10752K, 0% used [0x00000007b2b00000,0x00000007b2b00000,0x00000007b3580000)
 ParOldGen       total 175104K, used 24K [0x0000000780000000, 0x000000078ab00000, 0x00000007aab00000)
  object space 175104K, 0% used [0x0000000780000000,0x0000000780006000,0x000000078ab00000)
 Metaspace       used 20458K, capacity 21106K, committed 21296K, reserved 1069056K
  class space    used 2465K, capacity 2717K, committed 2816K, reserved 1048576K
Event: 2.720 GC heap after
Heap after GC invocations=3 (full 0):
 PSYoungGen      total 141824K, used 10736K [0x00000007aab00000, 0x00000007bc000000, 0x00000007c0000000)
  eden space 131072K, 0% used [0x00000007aab00000,0x00000007aab00000,0x00000007b2b00000)
  from space 10752K, 99% used [0x00000007b2b00000,0x00000007b357c030,0x00000007b3580000)
  to   space 10752K, 0% used [0x00000007bb580000,0x00000007bb580000,0x00000007bc000000)
 ParOldGen       total 175104K, used 6334K [0x0000000780000000, 0x000000078ab00000, 0x00000007aab00000)
  object space 175104K, 3% used [0x0000000780000000,0x000000078062fb38,0x000000078ab00000)
 Metaspace       used 20458K, capacity 21106K, committed 21296K, reserved 1069056K
  class space    used 2465K, capacity 2717K, committed 2816K, reserved 1048576K
}
Event: 2.743 GC heap before
{Heap before GC invocations=4 (full 0):
 PSYoungGen      total 141824K, used 18398K [0x00000007aab00000, 0x00000007bc000000, 0x00000007c0000000)
  eden space 131072K, 5% used [0x00000007aab00000,0x00000007ab27bb30,0x00000007b2b00000)
  from space 10752K, 99% used [0x00000007b2b00000,0x00000007b357c030,0x00000007b3580000)
  to   space 10752K, 0% used [0x00000007bb580000,0x00000007bb580000,0x00000007bc000000)
 ParOldGen       total 175104K, used 6334K [0x0000000780000000, 0x000000078ab00000, 0x00000007aab00000)
  object space 175104K, 3% used [0x0000000780000000,0x000000078062fb38,0x000000078ab00000)
 Metaspace       used 20469K, capacity 21106K, committed 21296K, reserved 1069056K
  class space    used 2465K, capacity 2717K, committed 2816K, reserved 1048576K
Event: 2.753 GC heap after
Heap after GC invocations=4 (full 0):
 PSYoungGen      total 272896K, used 10720K [0x00000007aab00000, 0x00000007bc000000, 0x00000007c0000000)
  eden space 262144K, 0% used [0x00000007aab00000,0x00000007aab00000,0x00000007bab00000)
  from space 10752K, 99% used [0x00000007bb580000,0x00000007bbff8020,0x00000007bc000000)
  to   space 10752K, 0% used [0x00000007bab00000,0x00000007bab00000,0x00000007bb580000)
 ParOldGen       total 175104K, used 6582K [0x0000000780000000, 0x000000078ab00000, 0x00000007aab00000)
  object space 175104K, 3% used [0x0000000780000000,0x000000078066db38,0x000000078ab00000)
 Metaspace       used 20469K, capacity 21106K, committed 21296K, reserved 1069056K
  class space    used 2465K, capacity 2717K, committed 2816K, reserved 1048576K
}
Event: 2.753 GC heap before
{Heap before GC invocations=5 (full 1):
 PSYoungGen      total 272896K, used 10720K [0x00000007aab00000, 0x00000007bc000000, 0x00000007c0000000)
  eden space 262144K, 0% used [0x00000007aab00000,0x00000007aab00000,0x00000007bab00000)
  from space 10752K, 99% used [0x00000007bb580000,0x00000007bbff8020,0x00000007bc000000)
  to   space 10752K, 0% used [0x00000007bab00000,0x00000007bab00000,0x00000007bb580000)
 ParOldGen       total 175104K, used 6582K [0x0000000780000000, 0x000000078ab00000, 0x00000007aab00000)
  object space 175104K, 3% used [0x0000000780000000,0x000000078066db38,0x000000078ab00000)
 Metaspace       used 20469K, capacity 21106K, committed 21296K, reserved 1069056K
  class space    used 2465K, capacity 2717K, committed 2816K, reserved 1048576K
Event: 2.792 GC heap after
Heap after GC invocations=5 (full 1):
 PSYoungGen      total 272896K, used 0K [0x00000007aab00000, 0x00000007bc000000, 0x00000007c0000000)
  eden space 262144K, 0% used [0x00000007aab00000,0x00000007aab00000,0x00000007bab00000)
  from space 10752K, 0% used [0x00000007bb580000,0x00000007bb580000,0x00000007bc000000)
  to   space 10752K, 0% used [0x00000007bab00000,0x00000007bab00000,0x00000007bb580000)
 ParOldGen       total 95232K, used 13115K [0x0000000780000000, 0x0000000785d00000, 0x00000007aab00000)
  object space 95232K, 13% used [0x0000000780000000,0x0000000780ccec58,0x0000000785d00000)
 Metaspace       used 20469K, capacity 21106K, committed 21296K, reserved 1069056K
  class space    used 2465K, capacity 2717K, committed 2816K, reserved 1048576K
}

Deoptimization events (10 events):
Event: 4.419 Thread 0x00007fe1ab807000 Uncommon trap: reason=bimorphic action=maybe_recompile pc=0x000000010ac64ea4 method=java.util.regex.Pattern$7.isSatisfiedBy(I)Z @ 5
Event: 4.419 Thread 0x00007fe1ab807000 Uncommon trap: reason=bimorphic action=maybe_recompile pc=0x000000010ac64ea4 method=java.util.regex.Pattern$7.isSatisfiedBy(I)Z @ 5
Event: 4.420 Thread 0x00007fe1ab807000 Uncommon trap: reason=bimorphic action=maybe_recompile pc=0x000000010b097b3c method=java.util.Hashtable.putAll(Ljava/util/Map;)V @ 1
Event: 4.421 Thread 0x00007fe1ab807000 Uncommon trap: reason=bimorphic action=maybe_recompile pc=0x000000010b097b3c method=java.util.Hashtable.putAll(Ljava/util/Map;)V @ 1
Event: 4.421 Thread 0x00007fe1ab807000 Uncommon trap: reason=bimorphic action=maybe_recompile pc=0x000000010b097b3c method=java.util.Hashtable.putAll(Ljava/util/Map;)V @ 1
Event: 4.422 Thread 0x00007fe1ab807000 Uncommon trap: reason=bimorphic action=maybe_recompile pc=0x000000010b097b3c method=java.util.Hashtable.putAll(Ljava/util/Map;)V @ 1
Event: 4.461 Thread 0x00007fe1ab807000 Uncommon trap: reason=bimorphic action=maybe_recompile pc=0x000000010ab5a294 method=java.util.regex.Pattern$5.isSatisfiedBy(I)Z @ 5
Event: 4.461 Thread 0x00007fe1ab807000 Uncommon trap: reason=bimorphic action=maybe_recompile pc=0x000000010ab5a294 method=java.util.regex.Pattern$5.isSatisfiedBy(I)Z @ 5
Event: 4.461 Thread 0x00007fe1ab807000 Uncommon trap: reason=bimorphic action=maybe_recompile pc=0x000000010ab5a294 method=java.util.regex.Pattern$5.isSatisfiedBy(I)Z @ 5
Event: 4.461 Thread 0x00007fe1ab807000 Uncommon trap: reason=bimorphic action=maybe_recompile pc=0x000000010ab5a294 method=java.util.regex.Pattern$5.isSatisfiedBy(I)Z @ 5

Internal exceptions (10 events):
Event: 4.124 Thread 0x00007fe1ab807000 Exception <a 'java/security/PrivilegedActionException'> (0x00000007b2e8abd8) thrown at [/Users/java_re/workspace/8-2-build-macosx-x86_64/jdk8u144/9417/hotspot/src/share/vm/prims/jvm.cpp, line 1390]
Event: 4.124 Thread 0x00007fe1ab807000 Exception <a 'java/security/PrivilegedActionException'> (0x00000007b2e8afd0) thrown at [/Users/java_re/workspace/8-2-build-macosx-x86_64/jdk8u144/9417/hotspot/src/share/vm/prims/jvm.cpp, line 1390]
Event: 4.124 Thread 0x00007fe1ab807000 Exception <a 'java/security/PrivilegedActionException'> (0x00000007b2e8c2f0) thrown at [/Users/java_re/workspace/8-2-build-macosx-x86_64/jdk8u144/9417/hotspot/src/share/vm/prims/jvm.cpp, line 1390]
Event: 4.124 Thread 0x00007fe1ab807000 Exception <a 'java/security/PrivilegedActionException'> (0x00000007b2e8c6e8) thrown at [/Users/java_re/workspace/8-2-build-macosx-x86_64/jdk8u144/9417/hotspot/src/share/vm/prims/jvm.cpp, line 1390]
Event: 4.124 Thread 0x00007fe1ab807000 Exception <a 'java/security/PrivilegedActionException'> (0x00000007b2e8d9c0) thrown at [/Users/java_re/workspace/8-2-build-macosx-x86_64/jdk8u144/9417/hotspot/src/share/vm/prims/jvm.cpp, line 1390]
Event: 4.124 Thread 0x00007fe1ab807000 Exception <a 'java/security/PrivilegedActionException'> (0x00000007b2e8ddb8) thrown at [/Users/java_re/workspace/8-2-build-macosx-x86_64/jdk8u144/9417/hotspot/src/share/vm/prims/jvm.cpp, line 1390]
Event: 4.124 Thread 0x00007fe1ab807000 Exception <a 'java/security/PrivilegedActionException'> (0x00000007b2e8f0d8) thrown at [/Users/java_re/workspace/8-2-build-macosx-x86_64/jdk8u144/9417/hotspot/src/share/vm/prims/jvm.cpp, line 1390]
Event: 4.124 Thread 0x00007fe1ab807000 Exception <a 'java/security/PrivilegedActionException'> (0x00000007b2e8f4d0) thrown at [/Users/java_re/workspace/8-2-build-macosx-x86_64/jdk8u144/9417/hotspot/src/share/vm/prims/jvm.cpp, line 1390]
Event: 4.124 Thread 0x00007fe1ab807000 Exception <a 'java/security/PrivilegedActionException'> (0x00000007b2e907f0) thrown at [/Users/java_re/workspace/8-2-build-macosx-x86_64/jdk8u144/9417/hotspot/src/share/vm/prims/jvm.cpp, line 1390]
Event: 4.124 Thread 0x00007fe1ab807000 Exception <a 'java/security/PrivilegedActionException'> (0x00000007b2e90be8) thrown at [/Users/java_re/workspace/8-2-build-macosx-x86_64/jdk8u144/9417/hotspot/src/share/vm/prims/jvm.cpp, line 1390]

Events (10 events):
Event: 4.573 Executing VM operation: Deoptimize
Event: 4.574 Executing VM operation: Deoptimize done
Event: 4.577 loading class aQute/bnd/osgi/Clazz$JAVA$1
Event: 4.577 loading class aQute/bnd/osgi/Clazz$JAVA$1 done
Event: 4.577 loading class aQute/bnd/osgi/Clazz$JAVA$1
Event: 4.577 loading class aQute/bnd/osgi/Clazz$JAVA$1 done
Event: 4.579 loading class aQute/bnd/header/Attrs$Type
Event: 4.579 loading class aQute/bnd/header/Attrs$Type done
Event: 4.579 loading class aQute/bnd/header/Attrs$Type
Event: 4.579 loading class aQute/bnd/header/Attrs$Type done


Dynamic libraries:
0x0000000003cc5000 	/System/Library/Frameworks/Cocoa.framework/Versions/A/Cocoa
0x0000000003cc5000 	/System/Library/Frameworks/Security.framework/Versions/A/Security
0x0000000003cc5000 	/System/Library/Frameworks/ApplicationServices.framework/Versions/A/ApplicationServices
0x0000000003cc5000 	/usr/lib/libz.1.dylib
0x0000000003cc5000 	/usr/lib/libSystem.B.dylib
0x0000000003cc5000 	/usr/lib/libobjc.A.dylib
0x0000000003cc5000 	/System/Library/Frameworks/CoreFoundation.framework/Versions/A/CoreFoundation
0x0000000003cc5000 	/System/Library/Frameworks/Foundation.framework/Versions/C/Foundation
0x0000000003cc5000 	/System/Library/Frameworks/AppKit.framework/Versions/C/AppKit
0x0000000003cc5000 	/System/Library/Frameworks/CoreData.framework/Versions/A/CoreData
0x0000000003cc5000 	/System/Library/PrivateFrameworks/RemoteViewServices.framework/Versions/A/RemoteViewServices
0x0000000003cc5000 	/System/Library/PrivateFrameworks/UIFoundation.framework/Versions/A/UIFoundation
0x0000000003cc5000 	/System/Library/PrivateFrameworks/XCTTargetBootstrap.framework/Versions/A/XCTTargetBootstrap
0x0000000003cc5000 	/System/Library/PrivateFrameworks/IconServices.framework/Versions/A/IconServices
0x0000000003cc5000 	/System/Library/Frameworks/Metal.framework/Versions/A/Metal
0x0000000003cc5000 	/System/Library/PrivateFrameworks/DesktopServicesPriv.framework/Versions/A/DesktopServicesPriv
0x0000000003cc5000 	/usr/lib/libenergytrace.dylib
0x0000000003cc5000 	/System/Library/PrivateFrameworks/SkyLight.framework/Versions/A/SkyLight
0x0000000003cc5000 	/System/Library/Frameworks/CoreGraphics.framework/Versions/A/CoreGraphics
0x0000000003cc5000 	/System/Library/Frameworks/Accelerate.framework/Versions/A/Accelerate
0x0000000003cc5000 	/System/Library/Frameworks/IOSurface.framework/Versions/A/IOSurface
0x0000000003cc5000 	/System/Library/PrivateFrameworks/DFRFoundation.framework/Versions/A/DFRFoundation
0x0000000003cc5000 	/System/Library/Frameworks/AudioToolbox.framework/Versions/A/AudioToolbox
0x0000000003cc5000 	/System/Library/Frameworks/AudioUnit.framework/Versions/A/AudioUnit
0x0000000003cc5000 	/System/Library/PrivateFrameworks/DataDetectorsCore.framework/Versions/A/DataDetectorsCore
0x0000000003cc5000 	/System/Library/Frameworks/Carbon.framework/Versions/A/Frameworks/HIToolbox.framework/Versions/A/HIToolbox
0x0000000003cc5000 	/usr/lib/libicucore.A.dylib
0x0000000003cc5000 	/System/Library/Frameworks/QuartzCore.framework/Versions/A/QuartzCore
0x0000000003cc5000 	/System/Library/Frameworks/Carbon.framework/Versions/A/Frameworks/SpeechRecognition.framework/Versions/A/SpeechRecognition
0x0000000003cc5000 	/usr/lib/libauto.dylib
0x0000000003cc5000 	/usr/lib/libxml2.2.dylib
0x0000000003cc5000 	/System/Library/PrivateFrameworks/CoreUI.framework/Versions/A/CoreUI
0x0000000003cc5000 	/System/Library/Frameworks/CoreAudio.framework/Versions/A/CoreAudio
0x0000000003cc5000 	/System/Library/Frameworks/DiskArbitration.framework/Versions/A/DiskArbitration
0x0000000003cc5000 	/usr/lib/liblangid.dylib
0x0000000003cc5000 	/System/Library/PrivateFrameworks/MultitouchSupport.framework/Versions/A/MultitouchSupport
0x0000000003cc5000 	/System/Library/Frameworks/IOKit.framework/Versions/A/IOKit
0x0000000003cc5000 	/usr/lib/libDiagnosticMessagesClient.dylib
0x0000000003cc5000 	/System/Library/Frameworks/CoreServices.framework/Versions/A/CoreServices
0x0000000003cc5000 	/System/Library/PrivateFrameworks/PerformanceAnalysis.framework/Versions/A/PerformanceAnalysis
0x0000000003cc5000 	/System/Library/Frameworks/OpenGL.framework/Versions/A/OpenGL
0x0000000003cc5000 	/System/Library/Frameworks/ColorSync.framework/Versions/A/ColorSync
0x0000000003cc5000 	/System/Library/Frameworks/CoreImage.framework/Versions/A/CoreImage
0x0000000003cc5000 	/System/Library/Frameworks/CoreText.framework/Versions/A/CoreText
0x0000000003cc5000 	/System/Library/Frameworks/ImageIO.framework/Versions/A/ImageIO
0x0000000003cc5000 	/System/Library/PrivateFrameworks/Backup.framework/Versions/A/Backup
0x0000000003cc5000 	/usr/lib/libarchive.2.dylib
0x0000000003cc5000 	/System/Library/Frameworks/CFNetwork.framework/Versions/A/CFNetwork
0x0000000003cc5000 	/System/Library/Frameworks/SystemConfiguration.framework/Versions/A/SystemConfiguration
0x0000000003cc5000 	/usr/lib/libCRFSuite.dylib
0x0000000003cc5000 	/usr/lib/libc++.1.dylib
0x0000000003cc5000 	/usr/lib/libc++abi.dylib
0x0000000003cc5000 	/usr/lib/system/libcache.dylib
0x0000000003cc5000 	/usr/lib/system/libcommonCrypto.dylib
0x0000000003cc5000 	/usr/lib/system/libcompiler_rt.dylib
0x0000000003cc5000 	/usr/lib/system/libcopyfile.dylib
0x0000000003cc5000 	/usr/lib/system/libcorecrypto.dylib
0x0000000003cc5000 	/usr/lib/system/libdispatch.dylib
0x0000000003cc5000 	/usr/lib/system/libdyld.dylib
0x0000000003cc5000 	/usr/lib/system/libkeymgr.dylib
0x0000000003cc5000 	/usr/lib/system/liblaunch.dylib
0x0000000003cc5000 	/usr/lib/system/libmacho.dylib
0x0000000003cc5000 	/usr/lib/system/libquarantine.dylib
0x0000000003cc5000 	/usr/lib/system/libremovefile.dylib
0x0000000003cc5000 	/usr/lib/system/libsystem_asl.dylib
0x0000000003cc5000 	/usr/lib/system/libsystem_blocks.dylib
0x0000000003cc5000 	/usr/lib/system/libsystem_c.dylib
0x0000000003cc5000 	/usr/lib/system/libsystem_configuration.dylib
0x0000000003cc5000 	/usr/lib/system/libsystem_coreservices.dylib
0x0000000003cc5000 	/usr/lib/system/libsystem_darwin.dylib
0x0000000003cc5000 	/usr/lib/system/libsystem_dnssd.dylib
0x0000000003cc5000 	/usr/lib/system/libsystem_info.dylib
0x0000000003cc5000 	/usr/lib/system/libsystem_m.dylib
0x0000000003cc5000 	/usr/lib/system/libsystem_malloc.dylib
0x0000000003cc5000 	/usr/lib/system/libsystem_networkextension.dylib
0x0000000003cc5000 	/usr/lib/system/libsystem_notify.dylib
0x0000000003cc5000 	/usr/lib/system/libsystem_sandbox.dylib
0x0000000003cc5000 	/usr/lib/system/libsystem_secinit.dylib
0x0000000003cc5000 	/usr/lib/system/libsystem_kernel.dylib
0x0000000003cc5000 	/usr/lib/system/libsystem_platform.dylib
0x0000000003cc5000 	/usr/lib/system/libsystem_pthread.dylib
0x0000000003cc5000 	/usr/lib/system/libsystem_symptoms.dylib
0x0000000003cc5000 	/usr/lib/system/libsystem_trace.dylib
0x0000000003cc5000 	/usr/lib/system/libunwind.dylib
0x0000000003cc5000 	/usr/lib/system/libxpc.dylib
0x0000000003cc5000 	/usr/lib/libbsm.0.dylib
0x0000000003cc5000 	/usr/lib/system/libkxld.dylib
0x0000000003cc5000 	/System/Library/PrivateFrameworks/AppleFSCompression.framework/Versions/A/AppleFSCompression
0x0000000003cc5000 	/usr/lib/libOpenScriptingUtil.dylib
0x0000000003cc5000 	/usr/lib/libcoretls.dylib
0x0000000003cc5000 	/usr/lib/libcoretls_cfhelpers.dylib
0x0000000003cc5000 	/usr/lib/libpam.2.dylib
0x0000000003cc5000 	/usr/lib/libsqlite3.dylib
0x0000000003cc5000 	/usr/lib/libxar.1.dylib
0x0000000003cc5000 	/usr/lib/libbz2.1.0.dylib
0x0000000003cc5000 	/usr/lib/liblzma.5.dylib
0x0000000003cc5000 	/usr/lib/libnetwork.dylib
0x0000000003cc5000 	/usr/lib/libapple_nghttp2.dylib
0x0000000003cc5000 	/usr/lib/libpcap.A.dylib
0x0000000003cc5000 	/System/Library/Frameworks/CoreServices.framework/Versions/A/Frameworks/FSEvents.framework/Versions/A/FSEvents
0x0000000003cc5000 	/System/Library/Frameworks/CoreServices.framework/Versions/A/Frameworks/CarbonCore.framework/Versions/A/CarbonCore
0x0000000003cc5000 	/System/Library/Frameworks/CoreServices.framework/Versions/A/Frameworks/Metadata.framework/Versions/A/Metadata
0x0000000003cc5000 	/System/Library/Frameworks/CoreServices.framework/Versions/A/Frameworks/OSServices.framework/Versions/A/OSServices
0x0000000003cc5000 	/System/Library/Frameworks/CoreServices.framework/Versions/A/Frameworks/SearchKit.framework/Versions/A/SearchKit
0x0000000003cc5000 	/System/Library/Frameworks/CoreServices.framework/Versions/A/Frameworks/AE.framework/Versions/A/AE
0x0000000003cc5000 	/System/Library/Frameworks/CoreServices.framework/Versions/A/Frameworks/LaunchServices.framework/Versions/A/LaunchServices
0x0000000003cc5000 	/System/Library/Frameworks/CoreServices.framework/Versions/A/Frameworks/DictionaryServices.framework/Versions/A/DictionaryServices
0x0000000003cc5000 	/System/Library/Frameworks/CoreServices.framework/Versions/A/Frameworks/SharedFileList.framework/Versions/A/SharedFileList
0x0000000003cc5000 	/System/Library/Frameworks/NetFS.framework/Versions/A/NetFS
0x0000000003cc5000 	/System/Library/PrivateFrameworks/NetAuth.framework/Versions/A/NetAuth
0x0000000003cc5000 	/System/Library/PrivateFrameworks/login.framework/Versions/A/Frameworks/loginsupport.framework/Versions/A/loginsupport
0x0000000003cc5000 	/System/Library/PrivateFrameworks/TCC.framework/Versions/A/TCC
0x0000000003cc5000 	/System/Library/PrivateFrameworks/CoreNLP.framework/Versions/A/CoreNLP
0x0000000003cc5000 	/System/Library/PrivateFrameworks/MetadataUtilities.framework/Versions/A/MetadataUtilities
0x0000000003cc5000 	/usr/lib/libmecabra.dylib
0x0000000003cc5000 	/System/Library/Frameworks/ApplicationServices.framework/Versions/A/Frameworks/ATS.framework/Versions/A/ATS
0x0000000003cc5000 	/System/Library/Frameworks/ApplicationServices.framework/Versions/A/Frameworks/ColorSyncLegacy.framework/Versions/A/ColorSyncLegacy
0x0000000003cc5000 	/System/Library/Frameworks/ApplicationServices.framework/Versions/A/Frameworks/HIServices.framework/Versions/A/HIServices
0x0000000003cc5000 	/System/Library/Frameworks/ApplicationServices.framework/Versions/A/Frameworks/LangAnalysis.framework/Versions/A/LangAnalysis
0x0000000003cc5000 	/System/Library/Frameworks/ApplicationServices.framework/Versions/A/Frameworks/PrintCore.framework/Versions/A/PrintCore
0x0000000003cc5000 	/System/Library/Frameworks/ApplicationServices.framework/Versions/A/Frameworks/QD.framework/Versions/A/QD
0x0000000003cc5000 	/System/Library/Frameworks/ApplicationServices.framework/Versions/A/Frameworks/SpeechSynthesis.framework/Versions/A/SpeechSynthesis
0x0000000003cc5000 	/usr/lib/libcompression.dylib
0x0000000003cc5000 	/System/Library/Frameworks/CoreDisplay.framework/Versions/A/CoreDisplay
0x0000000003cc5000 	/System/Library/Frameworks/MetalPerformanceShaders.framework/Versions/A/MetalPerformanceShaders
0x0000000003cc5000 	/System/Library/Frameworks/Accelerate.framework/Versions/A/Frameworks/vImage.framework/Versions/A/vImage
0x0000000003cc5000 	/System/Library/Frameworks/Accelerate.framework/Versions/A/Frameworks/vecLib.framework/Versions/A/vecLib
0x0000000003cc5000 	/System/Library/Frameworks/Accelerate.framework/Versions/A/Frameworks/vecLib.framework/Versions/A/libvMisc.dylib
0x0000000003cc5000 	/System/Library/Frameworks/Accelerate.framework/Versions/A/Frameworks/vecLib.framework/Versions/A/libvDSP.dylib
0x0000000003cc5000 	/System/Library/Frameworks/Accelerate.framework/Versions/A/Frameworks/vecLib.framework/Versions/A/libBLAS.dylib
0x0000000003cc5000 	/System/Library/Frameworks/Accelerate.framework/Versions/A/Frameworks/vecLib.framework/Versions/A/libLAPACK.dylib
0x0000000003cc5000 	/System/Library/Frameworks/Accelerate.framework/Versions/A/Frameworks/vecLib.framework/Versions/A/libLinearAlgebra.dylib
0x0000000003cc5000 	/System/Library/Frameworks/Accelerate.framework/Versions/A/Frameworks/vecLib.framework/Versions/A/libSparseBLAS.dylib
0x0000000003cc5000 	/System/Library/Frameworks/Accelerate.framework/Versions/A/Frameworks/vecLib.framework/Versions/A/libQuadrature.dylib
0x0000000003cc5000 	/System/Library/Frameworks/Accelerate.framework/Versions/A/Frameworks/vecLib.framework/Versions/A/libBNNS.dylib
0x0000000003cc5000 	/System/Library/Frameworks/Accelerate.framework/Versions/A/Frameworks/vecLib.framework/Versions/A/libSparse.dylib
0x0000000003cc5000 	/System/Library/PrivateFrameworks/GPUWrangler.framework/Versions/A/GPUWrangler
0x0000000003cc5000 	/System/Library/PrivateFrameworks/IOAccelerator.framework/Versions/A/IOAccelerator
0x0000000003cc5000 	/System/Library/PrivateFrameworks/IOPresentment.framework/Versions/A/IOPresentment
0x0000000003cc5000 	/System/Library/PrivateFrameworks/DSExternalDisplay.framework/Versions/A/DSExternalDisplay
0x0000000003cc5000 	/System/Library/Frameworks/OpenGL.framework/Versions/A/Libraries/libCoreFSCache.dylib
0x0000000003cc5000 	/System/Library/Frameworks/MetalPerformanceShaders.framework/Frameworks/MPSCore.framework/Versions/A/MPSCore
0x0000000003cc5000 	/System/Library/Frameworks/MetalPerformanceShaders.framework/Frameworks/MPSImage.framework/Versions/A/MPSImage
0x0000000003cc5000 	/System/Library/Frameworks/MetalPerformanceShaders.framework/Frameworks/MPSNeuralNetwork.framework/Versions/A/MPSNeuralNetwork
0x0000000003cc5000 	/System/Library/Frameworks/MetalPerformanceShaders.framework/Frameworks/MPSMatrix.framework/Versions/A/MPSMatrix
0x0000000003cc5000 	/System/Library/Frameworks/MetalPerformanceShaders.framework/Frameworks/MPSRayIntersector.framework/Versions/A/MPSRayIntersector
0x0000000003cc5000 	/System/Library/PrivateFrameworks/MetalTools.framework/Versions/A/MetalTools
0x0000000003cc5000 	/System/Library/PrivateFrameworks/AggregateDictionary.framework/Versions/A/AggregateDictionary
0x0000000003cc5000 	/usr/lib/libMobileGestalt.dylib
0x0000000003cc5000 	/System/Library/Frameworks/CoreVideo.framework/Versions/A/CoreVideo
0x0000000003cc5000 	/System/Library/PrivateFrameworks/GraphVisualizer.framework/Versions/A/GraphVisualizer
0x0000000003cc5000 	/System/Library/PrivateFrameworks/FaceCore.framework/Versions/A/FaceCore
0x0000000003cc5000 	/System/Library/Frameworks/OpenCL.framework/Versions/A/OpenCL
0x0000000003cc5000 	/usr/lib/libFosl_dynamic.dylib
0x0000000003cc5000 	/System/Library/PrivateFrameworks/OTSVG.framework/Versions/A/OTSVG
0x0000000003cc5000 	/System/Library/Frameworks/ApplicationServices.framework/Versions/A/Frameworks/ATS.framework/Versions/A/Resources/libFontParser.dylib
0x0000000003cc5000 	/System/Library/Frameworks/ApplicationServices.framework/Versions/A/Frameworks/ATS.framework/Versions/A/Resources/libFontRegistry.dylib
0x0000000003cc5000 	/System/Library/Frameworks/ImageIO.framework/Versions/A/Resources/libJPEG.dylib
0x0000000003cc5000 	/System/Library/Frameworks/ImageIO.framework/Versions/A/Resources/libTIFF.dylib
0x0000000003cc5000 	/System/Library/Frameworks/ImageIO.framework/Versions/A/Resources/libPng.dylib
0x0000000003cc5000 	/System/Library/Frameworks/ImageIO.framework/Versions/A/Resources/libGIF.dylib
0x0000000003cc5000 	/System/Library/Frameworks/ImageIO.framework/Versions/A/Resources/libJP2.dylib
0x0000000003cc5000 	/System/Library/Frameworks/ImageIO.framework/Versions/A/Resources/libRadiance.dylib
0x0000000003cc5000 	/System/Library/PrivateFrameworks/AppleJPEG.framework/Versions/A/AppleJPEG
0x0000000003cc5000 	/System/Library/Frameworks/OpenGL.framework/Versions/A/Libraries/libGFXShared.dylib
0x0000000003cc5000 	/System/Library/Frameworks/OpenGL.framework/Versions/A/Libraries/libGLU.dylib
0x0000000003cc5000 	/System/Library/Frameworks/OpenGL.framework/Versions/A/Libraries/libGL.dylib
0x0000000003cc5000 	/System/Library/Frameworks/OpenGL.framework/Versions/A/Libraries/libGLImage.dylib
0x0000000003cc5000 	/System/Library/Frameworks/OpenGL.framework/Versions/A/Libraries/libCVMSPluginSupport.dylib
0x0000000003cc5000 	/System/Library/Frameworks/OpenGL.framework/Versions/A/Libraries/libCoreVMClient.dylib
0x0000000003cc5000 	/usr/lib/libcups.2.dylib
0x0000000003cc5000 	/System/Library/Frameworks/Kerberos.framework/Versions/A/Kerberos
0x0000000003cc5000 	/System/Library/Frameworks/GSS.framework/Versions/A/GSS
0x0000000003cc5000 	/usr/lib/libresolv.9.dylib
0x0000000003cc5000 	/usr/lib/libiconv.2.dylib
0x0000000003cc5000 	/System/Library/PrivateFrameworks/Heimdal.framework/Versions/A/Heimdal
0x0000000003cc5000 	/usr/lib/libheimdal-asn1.dylib
0x0000000003cc5000 	/System/Library/Frameworks/OpenDirectory.framework/Versions/A/OpenDirectory
0x0000000003cc5000 	/System/Library/PrivateFrameworks/CommonAuth.framework/Versions/A/CommonAuth
0x0000000003cc5000 	/System/Library/Frameworks/OpenDirectory.framework/Versions/A/Frameworks/CFOpenDirectory.framework/Versions/A/CFOpenDirectory
0x0000000003cc5000 	/System/Library/Frameworks/SecurityFoundation.framework/Versions/A/SecurityFoundation
0x0000000003cc5000 	/System/Library/PrivateFrameworks/APFS.framework/Versions/A/APFS
0x0000000003cc5000 	/usr/lib/libutil.dylib
0x0000000003cc5000 	/usr/lib/libcharset.1.dylib
0x0000000003cc5000 	/System/Library/PrivateFrameworks/AppleSauce.framework/Versions/A/AppleSauce
0x0000000003cc5000 	/System/Library/PrivateFrameworks/AssertionServices.framework/Versions/A/AssertionServices
0x0000000003cc5000 	/System/Library/PrivateFrameworks/BaseBoard.framework/Versions/A/BaseBoard
0x0000000003cc5000 	/usr/lib/libmecab.1.0.0.dylib
0x0000000003cc5000 	/usr/lib/libgermantok.dylib
0x0000000003cc5000 	/usr/lib/libThaiTokenizer.dylib
0x0000000003cc5000 	/usr/lib/libChineseTokenizer.dylib
0x0000000003cc5000 	/System/Library/PrivateFrameworks/LanguageModeling.framework/Versions/A/LanguageModeling
0x0000000003cc5000 	/System/Library/PrivateFrameworks/CoreEmoji.framework/Versions/A/CoreEmoji
0x0000000003cc5000 	/System/Library/PrivateFrameworks/Lexicon.framework/Versions/A/Lexicon
0x0000000003cc5000 	/System/Library/PrivateFrameworks/LinguisticData.framework/Versions/A/LinguisticData
0x0000000003cc5000 	/usr/lib/libcmph.dylib
0x0000000003cc5000 	/System/Library/Frameworks/ServiceManagement.framework/Versions/A/ServiceManagement
0x0000000003cc5000 	/System/Library/PrivateFrameworks/BackgroundTaskManagement.framework/Versions/A/BackgroundTaskManagement
0x0000000003cc5000 	/usr/lib/libxslt.1.dylib
0x0000000003cc5000 	/System/Library/Frameworks/Carbon.framework/Versions/A/Frameworks/Ink.framework/Versions/A/Ink
0x0000000003cc5000 	/System/Library/PrivateFrameworks/TextureIO.framework/Versions/A/TextureIO
0x0000000003cc5000 	/usr/lib/libate.dylib
0x0000000003cc5000 	/System/Library/PrivateFrameworks/CrashReporterSupport.framework/Versions/A/CrashReporterSupport
0x0000000003cc5000 	/System/Library/PrivateFrameworks/Sharing.framework/Versions/A/Sharing
0x0000000003cc5000 	/System/Library/PrivateFrameworks/AuthKit.framework/Versions/A/AuthKit
0x0000000003cc5000 	/System/Library/PrivateFrameworks/Apple80211.framework/Versions/A/Apple80211
0x0000000003cc5000 	/System/Library/PrivateFrameworks/CoreUtils.framework/Versions/A/CoreUtils
0x0000000003cc5000 	/System/Library/Frameworks/CoreWLAN.framework/Versions/A/CoreWLAN
0x0000000003cc5000 	/System/Library/Frameworks/IOBluetooth.framework/Versions/A/IOBluetooth
0x0000000003cc5000 	/System/Library/PrivateFrameworks/ProtocolBuffer.framework/Versions/A/ProtocolBuffer
0x0000000003cc5000 	/System/Library/PrivateFrameworks/MobileKeyBag.framework/Versions/A/MobileKeyBag
0x0000000003cc5000 	/System/Library/PrivateFrameworks/CorePhoneNumbers.framework/Versions/A/CorePhoneNumbers
0x0000000003cc5000 	/System/Library/PrivateFrameworks/AppleIDAuthSupport.framework/Versions/A/AppleIDAuthSupport
0x0000000003cc5000 	/System/Library/PrivateFrameworks/KeychainCircle.framework/Versions/A/KeychainCircle
0x0000000003cc5000 	/System/Library/PrivateFrameworks/ROCKit.framework/Versions/A/ROCKit
0x0000000003cc5000 	/System/Library/PrivateFrameworks/CoreWiFi.framework/Versions/A/CoreWiFi
0x0000000003cc5000 	/System/Library/Frameworks/CoreBluetooth.framework/Versions/A/CoreBluetooth
0x0000000003cc5000 	/System/Library/PrivateFrameworks/DebugSymbols.framework/Versions/A/DebugSymbols
0x0000000003cc5000 	/System/Library/PrivateFrameworks/CoreSymbolication.framework/Versions/A/CoreSymbolication
0x0000000003cc5000 	/System/Library/PrivateFrameworks/Symbolication.framework/Versions/A/Symbolication
0x0000000003cc5000 	/System/Library/PrivateFrameworks/SpeechRecognitionCore.framework/Versions/A/SpeechRecognitionCore
0x0000000101a21000 	/Library/Java/JavaVirtualMachines/jdk1.8.0_144.jdk/Contents/Home/jre/lib/server/libjvm.dylib
0x0000000003cc5000 	/usr/lib/libstdc++.6.dylib
0x00000001029c8000 	/Library/Java/JavaVirtualMachines/jdk1.8.0_144.jdk/Contents/Home/jre/lib/libverify.dylib
0x0000000103a00000 	/Library/Java/JavaVirtualMachines/jdk1.8.0_144.jdk/Contents/Home/jre/lib/libjava.dylib
0x00000001029d7000 	/Library/Java/JavaVirtualMachines/jdk1.8.0_144.jdk/Contents/Home/jre/lib/libinstrument.dylib
0x0000000103aae000 	/Library/Java/JavaVirtualMachines/jdk1.8.0_144.jdk/Contents/Home/jre/lib/libzip.dylib
0x0000000003cc5000 	/System/Library/Frameworks/JavaVM.framework/Versions/A/Frameworks/JavaRuntimeSupport.framework/Versions/A/JavaRuntimeSupport
0x0000000003cc5000 	/System/Library/Frameworks/JavaVM.framework/Versions/A/Frameworks/JavaNativeFoundation.framework/Versions/A/JavaNativeFoundation
0x0000000003cc5000 	/System/Library/Frameworks/JavaVM.framework/Versions/A/JavaVM
0x0000000003cc5000 	/System/Library/Frameworks/Carbon.framework/Versions/A/Carbon
0x0000000003cc5000 	/System/Library/PrivateFrameworks/JavaLaunching.framework/Versions/A/JavaLaunching
0x0000000003cc5000 	/System/Library/Frameworks/Carbon.framework/Versions/A/Frameworks/CommonPanels.framework/Versions/A/CommonPanels
0x0000000003cc5000 	/System/Library/Frameworks/Carbon.framework/Versions/A/Frameworks/Help.framework/Versions/A/Help
0x0000000003cc5000 	/System/Library/Frameworks/Carbon.framework/Versions/A/Frameworks/ImageCapture.framework/Versions/A/ImageCapture
0x0000000003cc5000 	/System/Library/Frameworks/Carbon.framework/Versions/A/Frameworks/OpenScripting.framework/Versions/A/OpenScripting
0x0000000003cc5000 	/System/Library/Frameworks/Carbon.framework/Versions/A/Frameworks/Print.framework/Versions/A/Print
0x0000000003cc5000 	/System/Library/Frameworks/Carbon.framework/Versions/A/Frameworks/SecurityHI.framework/Versions/A/SecurityHI
0x0000000108b6c000 	/Library/Java/JavaVirtualMachines/jdk1.8.0_144.jdk/Contents/Home/jre/lib/libnet.dylib
0x0000000108d1b000 	/private/var/folders/wx/dy3g2gr94mx29c6z5czhkkx80000gn/T/libjansi-64-1-6717166777381965631.13
0x0000000108b48000 	/Library/Java/JavaVirtualMachines/jdk1.8.0_144.jdk/Contents/Home/jre/lib/libnio.dylib

VM Arguments:
jvm_args: -Dmaven.multiModuleProjectDirectory=/Users/rw/Projekte/Composum/public/pages/stage -Xmx1024m -XX:MaxPermSize=256m -Dmaven.home=/Users/rw/Development/maven/3.5.0 -Dclassworlds.conf=/Users/rw/Development/maven/3.5.0/bin/m2.conf -javaagent:/Users/rw/Library/Application Support/JetBrains/Toolbox/apps/IDEA-U/ch-0/191.6707.61/IntelliJ IDEA.app/Contents/lib/idea_rt.jar=51051:/Users/rw/Library/Application Support/JetBrains/Toolbox/apps/IDEA-U/ch-0/191.6707.61/IntelliJ IDEA.app/Contents/bin -Dfile.encoding=UTF-8 
java_command: org.codehaus.classworlds.Launcher -Didea.version2019.1.1 -s /Users/rw/Projekte/Composum/maven/settings.xml -DskipTests=true clean install -P docker,installPackage
java_class_path (initial): /Users/rw/Development/maven/3.5.0/boot/plexus-classworlds-2.5.2.jar:/Users/rw/Library/Application Support/JetBrains/Toolbox/apps/IDEA-U/ch-0/191.6707.61/IntelliJ IDEA.app/Contents/lib/idea_rt.jar
Launcher Type: SUN_STANDARD

Environment Variables:
JAVA_HOME=/Library/Java/JavaVirtualMachines/jdk1.8.0_144.jdk/Contents/Home
PATH=/usr/local/bin:/usr/bin:/bin:/usr/sbin:/sbin:/Applications/VMware Fusion.app/Contents/Public:/usr/local/go/bin:/opt/X11/bin:/Users/rw/Development/maven/3.3.9/bin
SHELL=/bin/bash
DISPLAY=/private/tmp/com.apple.launchd.KZ6zO4MyRm/org.macosforge.xquartz:0

Signal Handlers:
SIGSEGV: [libjvm.dylib+0x5b26e5], sa_mask[0]=11111111011111110111111111111111, sa_flags=SA_ONSTACK|SA_RESTART|SA_SIGINFO
SIGBUS: [libjvm.dylib+0x5b26e5], sa_mask[0]=11111111011111110111111111111111, sa_flags=SA_RESTART|SA_SIGINFO
SIGFPE: [libjvm.dylib+0x489100], sa_mask[0]=11111111011111110111111111111111, sa_flags=SA_RESTART|SA_SIGINFO
SIGPIPE: [libjvm.dylib+0x489100], sa_mask[0]=11111111011111110111111111111111, sa_flags=SA_RESTART|SA_SIGINFO
SIGXFSZ: [libjvm.dylib+0x489100], sa_mask[0]=11111111011111110111111111111111, sa_flags=SA_RESTART|SA_SIGINFO
SIGILL: [libjvm.dylib+0x489100], sa_mask[0]=11111111011111110111111111111111, sa_flags=SA_RESTART|SA_SIGINFO
SIGUSR1: SIG_DFL, sa_mask[0]=00000000000000000000000000000000, sa_flags=none
SIGUSR2: [libjvm.dylib+0x488c1e], sa_mask[0]=00100000000000000000000000000000, sa_flags=SA_RESTART|SA_SIGINFO
SIGHUP: [libjvm.dylib+0x4871f5], sa_mask[0]=11111111011111110111111111111111, sa_flags=SA_RESTART|SA_SIGINFO
SIGINT: [libjvm.dylib+0x4871f5], sa_mask[0]=11111111011111110111111111111111, sa_flags=SA_RESTART|SA_SIGINFO
SIGTERM: [libjvm.dylib+0x4871f5], sa_mask[0]=11111111011111110111111111111111, sa_flags=SA_RESTART|SA_SIGINFO
SIGQUIT: [libjvm.dylib+0x4871f5], sa_mask[0]=11111111011111110111111111111111, sa_flags=SA_RESTART|SA_SIGINFO


---------------  S Y S T E M  ---------------

OS:Bsduname:Darwin 18.5.0 Darwin Kernel Version 18.5.0: Mon Mar 11 20:40:32 PDT 2019; root:xnu-4903.251.3~3/RELEASE_X86_64 x86_64
rlimit: STACK 8192k, CORE 0k, NPROC 1418, NOFILE 10240, AS infinity
load average:4.16 2.58 2.46

CPU:total 8 (initial active 8) (4 cores per cpu, 2 threads per core) family 6 model 158 stepping 9, cmov, cx8, fxsr, mmx, sse, sse2, sse3, ssse3, sse4.1, sse4.2, popcnt, avx, avx2, aes, clmul, erms, rtm, 3dnowpref, lzcnt, ht, tsc, tscinvbit, bmi1, bmi2, adx

Memory: 4k page, physical 16777216k(1309004k free)

/proc/meminfo:


vm_info: Java HotSpot(TM) 64-Bit Server VM (25.144-b01) for bsd-amd64 JRE (1.8.0_144-b01), built on Jul 21 2017 22:07:42 by "java_re" with gcc 4.2.1 (Based on Apple Inc. build 5658) (LLVM build 2336.11.00)

time: Mon Apr 29 09:21:19 2019
elapsed time: 4 seconds (0d 0h 0m 4s)

